<?xml version="1.0" encoding="UTF-8"?>
<robot generator="Robot 4.1.3 (Python 3.7.5 on win32)" generated="20220925 16:15:16.265" rpa="true" schemaversion="2">
<suite id="s1" name="Teste1" source="c:\Users\rcher\Documents\GIT\RobotFramework\exemplo1\Meus Testes\teste1.robot">
<test id="s1-t1" name="Teste um">
<kw name="Log" library="BuiltIn">
<arg>Minha mensagem</arg>
<doc>Logs the given message with the given level.</doc>
<msg timestamp="20220925 16:15:17.556" level="INFO">Minha mensagem</msg>
<status status="PASS" starttime="20220925 16:15:17.555" endtime="20220925 16:15:17.559"/>
</kw>
<tag>Mais um</tag>
<tag>MinhaTag1 com espaços</tag>
<status status="PASS" starttime="20220925 16:15:17.551" endtime="20220925 16:15:17.561"/>
</test>
<test id="s1-t2" name="Teste dois">
<kw name="Log" library="BuiltIn">
<arg>Minha mensagem</arg>
<doc>Logs the given message with the given level.</doc>
<msg timestamp="20220925 16:15:17.567" level="INFO">Minha mensagem</msg>
<status status="PASS" starttime="20220925 16:15:17.566" endtime="20220925 16:15:17.567"/>
</kw>
<tag>Outras tags, dois</tag>
<status status="PASS" starttime="20220925 16:15:17.564" endtime="20220925 16:15:17.569"/>
</test>
<test id="s1-t3" name="Teste três">
<kw name="Log" library="BuiltIn">
<arg>Minha mensagem</arg>
<doc>Logs the given message with the given level.</doc>
<msg timestamp="20220925 16:15:17.575" level="INFO">Minha mensagem</msg>
<status status="PASS" starttime="20220925 16:15:17.574" endtime="20220925 16:15:17.575"/>
</kw>
<tag>Mais um</tag>
<tag>MinhaTag1 com espaços</tag>
<status status="PASS" starttime="20220925 16:15:17.572" endtime="20220925 16:15:17.577"/>
</test>
<doc>Arquivo Teste1 de testes.</doc>
<status status="PASS" starttime="20220925 16:15:16.270" endtime="20220925 16:15:17.580"/>
</suite>
<statistics>
<total>
<stat pass="3" fail="0" skip="0">All Tasks</stat>
</total>
<tag>
<stat pass="2" fail="0" skip="0">Mais um</stat>
<stat pass="2" fail="0" skip="0">MinhaTag1 com espaços</stat>
<stat pass="1" fail="0" skip="0">Outras tags, dois</stat>
</tag>
<suite>
<stat pass="3" fail="0" skip="0" id="s1" name="Teste1">Teste1</stat>
</suite>
</statistics>
<errors>
</errors>
</robot>
